# JRE version: OpenJDK Runtime Environment (19.0.2+7) (build 19.0.2+7-44)
# Java VM: OpenJDK 64-Bit Server VM (19.0.2+7-44, mixed mode, sharing, tiered, compressed oops, compressed class ptrs, g1 gc, windows-amd64)
GC Precious Log:
 CardTable entry size: 512
 Card Set container configuration: InlinePtr #cards 5 size 8 Array Of Cards #cards 12 size 40 Howl #buckets 4 coarsen threshold 1843 Howl Bitmap #cards 512 size 80 coarsen threshold 460 Card regions per heap region 1 cards per card region 2048
 CPUs: 8 total, 8 available
 Memory: 7914M
 Large Page Support: Disabled
 NUMA Support: Disabled
 Compressed Oops: Enabled (32-bit)
 Heap Region Size: 1M
 Heap Min Capacity: 8M
 Heap Initial Capacity: 124M
 Heap Max Capacity: 2G
 Pre-touch: Disabled
 Parallel Workers: 8
 Concurrent Workers: 2
 Concurrent Refinement Workers: 8
 Periodic GC: Disabled
Heap:
 garbage-first heap   total 366592K, used 251955K [0x0000000080000000, 0x0000000100000000)
  region size 1024K, 15 young (15360K), 3 survivors (3072K)
 Metaspace       used 107713K, committed 109952K, reserved 1179648K
  class space    used 13879K, committed 15040K, reserved 1048576K
GC Heap History (20 events):
Event: 151.593 GC heap before
{Heap before GC invocations=38 (full 0):
 garbage-first heap   total 290816K, used 249194K [0x0000000080000000, 0x0000000100000000)
  region size 1024K, 35 young (35840K), 6 survivors (6144K)
 Metaspace       used 103082K, committed 105344K, reserved 1179648K
  class space    used 13283K, committed 14464K, reserved 1048576K
}
Event: 151.603 GC heap after
{Heap after GC invocations=39 (full 0):
 garbage-first heap   total 290816K, used 221029K [0x0000000080000000, 0x0000000100000000)
  region size 1024K, 2 young (2048K), 2 survivors (2048K)
 Metaspace       used 103082K, committed 105344K, reserved 1179648K
  class space    used 13283K, committed 14464K, reserved 1048576K
}
Event: 1412.253 GC heap before
{Heap before GC invocations=39 (full 0):
 garbage-first heap   total 290816K, used 249701K [0x0000000080000000, 0x0000000100000000)
  region size 1024K, 31 young (31744K), 2 survivors (2048K)
 Metaspace       used 103303K, committed 105600K, reserved 1179648K
  class space    used 13285K, committed 14464K, reserved 1048576K
}
Event: 1412.314 GC heap after
{Heap after GC invocations=40 (full 0):
 garbage-first heap   total 290816K, used 220690K [0x0000000080000000, 0x0000000100000000)
  region size 1024K, 2 young (2048K), 2 survivors (2048K)
 Metaspace       used 103303K, committed 105600K, reserved 1179648K
  class space    used 13285K, committed 14464K, reserved 1048576K
}
Event: 3072.601 GC heap before
{Heap before GC invocations=40 (full 0):
 garbage-first heap   total 290816K, used 252434K [0x0000000080000000, 0x0000000100000000)
  region size 1024K, 33 young (33792K), 2 survivors (2048K)
 Metaspace       used 103354K, committed 105664K, reserved 1179648K
  class space    used 13285K, committed 14464K, reserved 1048576K
}
Event: 3072.640 GC heap after
{Heap after GC invocations=41 (full 0):
 garbage-first heap   total 290816K, used 220551K [0x0000000080000000, 0x0000000100000000)
  region size 1024K, 2 young (2048K), 2 survivors (2048K)
 Metaspace       used 103354K, committed 105664K, reserved 1179648K
  class space    used 13285K, committed 14464K, reserved 1048576K
}
Event: 4053.437 GC heap before
{Heap before GC invocations=41 (full 0):
 garbage-first heap   total 290816K, used 252295K [0x0000000080000000, 0x0000000100000000)
  region size 1024K, 34 young (34816K), 2 survivors (2048K)
 Metaspace       used 103435K, committed 105728K, reserved 1179648K
  class space    used 13293K, committed 14464K, reserved 1048576K
}
Event: 4053.484 GC heap after
{Heap after GC invocations=42 (full 0):
 garbage-first heap   total 290816K, used 222487K [0x0000000080000000, 0x0000000100000000)
  region size 1024K, 4 young (4096K), 4 survivors (4096K)
 Metaspace       used 103435K, committed 105728K, reserved 1179648K
  class space    used 13293K, committed 14464K, reserved 1048576K
}
Event: 4056.369 GC heap before
{Heap before GC invocations=42 (full 0):
 garbage-first heap   total 290816K, used 252183K [0x0000000080000000, 0x0000000100000000)
  region size 1024K, 34 young (34816K), 4 survivors (4096K)
 Metaspace       used 104400K, committed 106624K, reserved 1179648K
  class space    used 13417K, committed 14592K, reserved 1048576K
}
Event: 4056.409 GC heap after
{Heap after GC invocations=43 (full 0):
 garbage-first heap   total 290816K, used 225851K [0x0000000080000000, 0x0000000100000000)
  region size 1024K, 5 young (5120K), 5 survivors (5120K)
 Metaspace       used 104400K, committed 106624K, reserved 1179648K
  class space    used 13417K, committed 14592K, reserved 1048576K
}
Event: 4057.232 GC heap before
{Heap before GC invocations=43 (full 0):
 garbage-first heap   total 290816K, used 252475K [0x0000000080000000, 0x0000000100000000)
  region size 1024K, 31 young (31744K), 5 survivors (5120K)
 Metaspace       used 105059K, committed 107328K, reserved 1179648K
  class space    used 13493K, committed 14656K, reserved 1048576K
}
Event: 4057.264 GC heap after
{Heap after GC invocations=44 (full 0):
 garbage-first heap   total 290816K, used 229991K [0x0000000080000000, 0x0000000100000000)
  region size 1024K, 4 young (4096K), 4 survivors (4096K)
 Metaspace       used 105059K, committed 107328K, reserved 1179648K
  class space    used 13493K, committed 14656K, reserved 1048576K
}
Event: 4057.870 GC heap before
{Heap before GC invocations=44 (full 0):
 garbage-first heap   total 290816K, used 252519K [0x0000000080000000, 0x0000000100000000)
  region size 1024K, 26 young (26624K), 4 survivors (4096K)
 Metaspace       used 105167K, committed 107392K, reserved 1179648K
  class space    used 13507K, committed 14656K, reserved 1048576K
}
Event: 4057.884 GC heap after
{Heap after GC invocations=45 (full 0):
 garbage-first heap   total 290816K, used 234358K [0x0000000080000000, 0x0000000100000000)
  region size 1024K, 4 young (4096K), 4 survivors (4096K)
 Metaspace       used 105167K, committed 107392K, reserved 1179648K
  class space    used 13507K, committed 14656K, reserved 1048576K
}
Event: 4058.746 GC heap before
{Heap before GC invocations=45 (full 0):
 garbage-first heap   total 290816K, used 252790K [0x0000000080000000, 0x0000000100000000)
  region size 1024K, 22 young (22528K), 4 survivors (4096K)
 Metaspace       used 105775K, committed 108032K, reserved 1179648K
  class space    used 13609K, committed 14784K, reserved 1048576K
}
Event: 4058.757 GC heap after
{Heap after GC invocations=46 (full 0):
 garbage-first heap   total 290816K, used 237323K [0x0000000080000000, 0x0000000100000000)
  region size 1024K, 3 young (3072K), 3 survivors (3072K)
 Metaspace       used 105775K, committed 108032K, reserved 1179648K
  class space    used 13609K, committed 14784K, reserved 1048576K
}
Event: 4058.936 GC heap before
{Heap before GC invocations=46 (full 0):
 garbage-first heap   total 290816K, used 251659K [0x0000000080000000, 0x0000000100000000)
  region size 1024K, 18 young (18432K), 3 survivors (3072K)
 Metaspace       used 105883K, committed 108160K, reserved 1179648K
  class space    used 13629K, committed 14784K, reserved 1048576K
}
Event: 4058.946 GC heap after
{Heap after GC invocations=47 (full 0):
 garbage-first heap   total 290816K, used 238963K [0x0000000080000000, 0x0000000100000000)
  region size 1024K, 2 young (2048K), 2 survivors (2048K)
 Metaspace       used 105883K, committed 108160K, reserved 1179648K
  class space    used 13629K, committed 14784K, reserved 1048576K
}
Event: 4059.078 GC heap before
{Heap before GC invocations=47 (full 0):
 garbage-first heap   total 290816K, used 253299K [0x0000000080000000, 0x0000000100000000)
  region size 1024K, 17 young (17408K), 2 survivors (2048K)
 Metaspace       used 105939K, committed 108160K, reserved 1179648K
  class space    used 13629K, committed 14784K, reserved 1048576K
}
Event: 4059.085 GC heap after
{Heap after GC invocations=48 (full 0):
 garbage-first heap   total 366592K, used 239667K [0x0000000080000000, 0x0000000100000000)
  region size 1024K, 3 young (3072K), 3 survivors (3072K)
 Metaspace       used 105939K, committed 108160K, reserved 1179648K
  class space    used 13629K, committed 14784K, reserved 1048576K
}

